[debug] [2022-11-02T09:13:15.323Z] ----------------------------------------------------------------------
[debug] [2022-11-02T09:13:15.327Z] Command:       C:\Program Files\nodejs\node.exe C:\Users\PARVEZ\AppData\Roaming\npm\node_modules\firebase-tools\lib\bin\firebase.js init
[debug] [2022-11-02T09:13:15.328Z] CLI Version:   11.16.0
[debug] [2022-11-02T09:13:15.328Z] Platform:      win32
[debug] [2022-11-02T09:13:15.328Z] Node Version:  v16.13.0
[debug] [2022-11-02T09:13:15.330Z] Time:          Wed Nov 02 2022 15:13:15 GMT+0600 (Bangladesh Standard Time)
[debug] [2022-11-02T09:13:15.332Z] ----------------------------------------------------------------------
[debug] 
[debug] [2022-11-02T09:13:15.350Z] > command requires scopes: ["email","openid","https://www.googleapis.com/auth/cloudplatformprojects.readonly","https://www.googleapis.com/auth/firebase","https://www.googleapis.com/auth/cloud-platform"]
[debug] [2022-11-02T09:13:15.351Z] > authorizing via signed-in user (mohiuddinparvez1@gmail.com)
[info] 
     ######## #### ########  ######## ########     ###     ######  ########
     ##        ##  ##     ## ##       ##     ##  ##   ##  ##       ##
     ######    ##  ########  ######   ########  #########  ######  ######
     ##        ##  ##    ##  ##       ##     ## ##     ##       ## ##
     ##       #### ##     ## ######## ########  ##     ##  ######  ########

You're about to initialize a Firebase project in this directory:

  D:\batch-5\milestone-10\assingment-10\onthego-travel-guide

[debug] [2022-11-04T09:55:10.096Z] ----------------------------------------------------------------------
[debug] [2022-11-04T09:55:10.101Z] Command:       C:\Program Files\nodejs\node.exe C:\Users\PARVEZ\AppData\Roaming\npm\node_modules\firebase-tools\lib\bin\firebase.js init
[debug] [2022-11-04T09:55:10.102Z] CLI Version:   11.16.0
[debug] [2022-11-04T09:55:10.102Z] Platform:      win32
[debug] [2022-11-04T09:55:10.102Z] Node Version:  v16.13.0
[debug] [2022-11-04T09:55:10.118Z] Time:          Fri Nov 04 2022 15:55:10 GMT+0600 (Bangladesh Standard Time)
[debug] [2022-11-04T09:55:10.119Z] ----------------------------------------------------------------------
[debug] 
[debug] [2022-11-04T09:55:10.128Z] >>> [apiv2][query] GET https://firebase-public.firebaseio.com/cli.json [none]
[debug] [2022-11-04T09:55:10.176Z] > command requires scopes: ["email","openid","https://www.googleapis.com/auth/cloudplatformprojects.readonly","https://www.googleapis.com/auth/firebase","https://www.googleapis.com/auth/cloud-platform"]
[debug] [2022-11-04T09:55:10.177Z] > authorizing via signed-in user (mohiuddinparvez1@gmail.com)
[info] 
     ######## #### ########  ######## ########     ###     ######  ########
     ##        ##  ##     ## ##       ##     ##  ##   ##  ##       ##
     ######    ##  ########  ######   ########  #########  ######  ######
     ##        ##  ##    ##  ##       ##     ## ##     ##       ## ##
     ##       #### ##     ## ######## ########  ##     ##  ######  ########

You're about to initialize a Firebase project in this directory:

  D:\batch-5\milestone-10\assingment-10\onthego-travel-guide

[debug] [2022-11-04T09:55:13.371Z] <<< [apiv2][status] GET https://firebase-public.firebaseio.com/cli.json 200
[debug] [2022-11-04T09:55:13.372Z] <<< [apiv2][body] GET https://firebase-public.firebaseio.com/cli.json {"cloudBuildErrorAfter":1594252800000,"cloudBuildWarnAfter":1590019200000,"defaultNode10After":1594252800000,"minVersion":"3.0.5","node8DeploysDisabledAfter":1613390400000,"node8RuntimeDisabledAfter":1615809600000,"node8WarnAfter":1600128000000}
